-- Found ament_cmake: 2.5.4 (/opt/ros/jazzy/share/ament_cmake/cmake)
-- Found rclcpp: 28.1.13 (/opt/ros/jazzy/share/rclcpp/cmake)
-- Found rosidl_generator_c: 4.6.6 (/opt/ros/jazzy/share/rosidl_generator_c/cmake)
-- Found rosidl_generator_cpp: 4.6.6 (/opt/ros/jazzy/share/rosidl_generator_cpp/cmake)
-- Using all available rosidl_typesupport_c: rosidl_typesupport_fastrtps_c;rosidl_typesupport_introspection_c
-- Using all available rosidl_typesupport_cpp: rosidl_typesupport_fastrtps_cpp;rosidl_typesupport_introspection_cpp
-- Found rmw_implementation_cmake: 7.3.2 (/opt/ros/jazzy/share/rmw_implementation_cmake/cmake)
-- Found rmw_fastrtps_cpp: 8.4.3 (/opt/ros/jazzy/share/rmw_fastrtps_cpp/cmake)
-- Using RMW implementation 'rmw_fastrtps_cpp' as default
-- Found example_interfaces: 0.12.0 (/opt/ros/jazzy/share/example_interfaces/cmake)
-- Configuring done (0.8s)
-- Generating done (0.0s)
-- Build files have been written to: /home/amitha/assignment-ros2-c-service-server-AmithaMahesh/build/ros2_service_server
[100%] Built target add_two_ints_server
-- Install configuration: ""
-- Up-to-date: /home/amitha/assignment-ros2-c-service-server-AmithaMahesh/install/ros2_service_server/lib/ros2_service_server/add_two_ints_server
-- Installing: /home/amitha/assignment-ros2-c-service-server-AmithaMahesh/install/ros2_service_server/share/ament_index/resource_index/package_run_dependencies/ros2_service_server
-- Up-to-date: /home/amitha/assignment-ros2-c-service-server-AmithaMahesh/install/ros2_service_server/share/ament_index/resource_index/parent_prefix_path/ros2_service_server
-- Up-to-date: /home/amitha/assignment-ros2-c-service-server-AmithaMahesh/install/ros2_service_server/share/ros2_service_server/environment/ament_prefix_path.sh
-- Up-to-date: /home/amitha/assignment-ros2-c-service-server-AmithaMahesh/install/ros2_service_server/share/ros2_service_server/environment/ament_prefix_path.dsv
-- Up-to-date: /home/amitha/assignment-ros2-c-service-server-AmithaMahesh/install/ros2_service_server/share/ros2_service_server/environment/path.sh
-- Up-to-date: /home/amitha/assignment-ros2-c-service-server-AmithaMahesh/install/ros2_service_server/share/ros2_service_server/environment/path.dsv
-- Up-to-date: /home/amitha/assignment-ros2-c-service-server-AmithaMahesh/install/ros2_service_server/share/ros2_service_server/local_setup.bash
-- Up-to-date: /home/amitha/assignment-ros2-c-service-server-AmithaMahesh/install/ros2_service_server/share/ros2_service_server/local_setup.sh
-- Up-to-date: /home/amitha/assignment-ros2-c-service-server-AmithaMahesh/install/ros2_service_server/share/ros2_service_server/local_setup.zsh
-- Up-to-date: /home/amitha/assignment-ros2-c-service-server-AmithaMahesh/install/ros2_service_server/share/ros2_service_server/local_setup.dsv
-- Installing: /home/amitha/assignment-ros2-c-service-server-AmithaMahesh/install/ros2_service_server/share/ros2_service_server/package.dsv
-- Up-to-date: /home/amitha/assignment-ros2-c-service-server-AmithaMahesh/install/ros2_service_server/share/ament_index/resource_index/packages/ros2_service_server
-- Up-to-date: /home/amitha/assignment-ros2-c-service-server-AmithaMahesh/install/ros2_service_server/share/ros2_service_server/cmake/ros2_service_serverConfig.cmake
-- Up-to-date: /home/amitha/assignment-ros2-c-service-server-AmithaMahesh/install/ros2_service_server/share/ros2_service_server/cmake/ros2_service_serverConfig-version.cmake
-- Installing: /home/amitha/assignment-ros2-c-service-server-AmithaMahesh/install/ros2_service_server/share/ros2_service_server/package.xml
