[0.112s] DEBUG:colcon:Command line arguments: ['/usr/bin/colcon', 'build', '--packages-select', 'ros2_service_server']
[0.113s] DEBUG:colcon:Parsed command line arguments: Namespace(log_base=None, log_level=None, verb_name='build', build_base='build', install_base='install', merge_install=False, symlink_install=False, test_result_base=None, continue_on_error=False, executor='parallel', parallel_workers=22, event_handlers=None, ignore_user_meta=False, metas=['./colcon.meta'], base_paths=['.'], packages_ignore=None, packages_ignore_regex=None, paths=None, packages_up_to=None, packages_up_to_regex=None, packages_above=None, packages_above_and_dependencies=None, packages_above_depth=None, packages_select_by_dep=None, packages_skip_by_dep=None, packages_skip_up_to=None, packages_select_build_failed=False, packages_skip_build_finished=False, packages_select_test_failures=False, packages_skip_test_passed=False, packages_select=['ros2_service_server'], packages_skip=None, packages_select_regex=None, packages_skip_regex=None, packages_start=None, packages_end=None, allow_overriding=[], cmake_args=None, cmake_target=None, cmake_target_skip_unavailable=False, cmake_clean_cache=False, cmake_clean_first=False, cmake_force_configure=False, ament_cmake_args=None, catkin_cmake_args=None, catkin_skip_building_tests=False, mixin_files=None, mixin=None, verb_parser=<colcon_mixin.mixin.mixin_argument.MixinArgumentDecorator object at 0x7e62a414ecc0>, verb_extension=<colcon_core.verb.build.BuildVerb object at 0x7e62a414e8a0>, main=<bound method BuildVerb.main of <colcon_core.verb.build.BuildVerb object at 0x7e62a414e8a0>>, mixin_verb=('build',))
[0.152s] Level 1:colcon.colcon_core.package_discovery:discover_packages(colcon_meta) check parameters
[0.152s] Level 1:colcon.colcon_core.package_discovery:discover_packages(recursive) check parameters
[0.152s] Level 1:colcon.colcon_core.package_discovery:discover_packages(ignore) check parameters
[0.152s] Level 1:colcon.colcon_core.package_discovery:discover_packages(path) check parameters
[0.152s] Level 1:colcon.colcon_core.package_discovery:discover_packages(colcon_meta) discover
[0.152s] Level 1:colcon.colcon_core.package_discovery:discover_packages(recursive) discover
[0.152s] INFO:colcon.colcon_core.package_discovery:Crawling recursively for packages in '/home/amitha/assignment-ros2-c-service-server-AmithaMahesh'
[0.153s] Level 1:colcon.colcon_core.package_identification:_identify(.) by extensions ['ignore', 'ignore_ament_install']
[0.153s] Level 1:colcon.colcon_core.package_identification:_identify(.) by extension 'ignore'
[0.153s] Level 1:colcon.colcon_core.package_identification:_identify(.) by extension 'ignore_ament_install'
[0.153s] Level 1:colcon.colcon_core.package_identification:_identify(.) by extensions ['colcon_pkg']
[0.153s] Level 1:colcon.colcon_core.package_identification:_identify(.) by extension 'colcon_pkg'
[0.153s] Level 1:colcon.colcon_core.package_identification:_identify(.) by extensions ['colcon_meta']
[0.153s] Level 1:colcon.colcon_core.package_identification:_identify(.) by extension 'colcon_meta'
[0.153s] Level 1:colcon.colcon_core.package_identification:_identify(.) by extensions ['ros']
[0.153s] Level 1:colcon.colcon_core.package_identification:_identify(.) by extension 'ros'
[0.183s] DEBUG:colcon.colcon_core.package_identification:Package '.' with type 'ros.ament_cmake' and name 'ros2_service_server'
[0.183s] Level 1:colcon.colcon_core.package_discovery:discover_packages(recursive) using defaults
[0.183s] Level 1:colcon.colcon_core.package_discovery:discover_packages(ignore) discover
[0.183s] Level 1:colcon.colcon_core.package_discovery:discover_packages(ignore) using defaults
[0.183s] Level 1:colcon.colcon_core.package_discovery:discover_packages(path) discover
[0.183s] Level 1:colcon.colcon_core.package_discovery:discover_packages(path) using defaults
[0.202s] Level 1:colcon.colcon_core.package_discovery:discover_packages(prefix_path) check parameters
[0.202s] Level 1:colcon.colcon_core.package_discovery:discover_packages(prefix_path) discover
[0.204s] DEBUG:colcon.colcon_installed_package_information.package_discovery:Found 290 installed packages in /opt/ros/jazzy
[0.206s] Level 1:colcon.colcon_core.package_discovery:discover_packages(prefix_path) using defaults
[0.244s] Level 5:colcon.colcon_core.verb:set package 'ros2_service_server' build argument 'cmake_args' from command line to 'None'
[0.244s] Level 5:colcon.colcon_core.verb:set package 'ros2_service_server' build argument 'cmake_target' from command line to 'None'
[0.244s] Level 5:colcon.colcon_core.verb:set package 'ros2_service_server' build argument 'cmake_target_skip_unavailable' from command line to 'False'
[0.244s] Level 5:colcon.colcon_core.verb:set package 'ros2_service_server' build argument 'cmake_clean_cache' from command line to 'False'
[0.244s] Level 5:colcon.colcon_core.verb:set package 'ros2_service_server' build argument 'cmake_clean_first' from command line to 'False'
[0.244s] Level 5:colcon.colcon_core.verb:set package 'ros2_service_server' build argument 'cmake_force_configure' from command line to 'False'
[0.244s] Level 5:colcon.colcon_core.verb:set package 'ros2_service_server' build argument 'ament_cmake_args' from command line to 'None'
[0.244s] Level 5:colcon.colcon_core.verb:set package 'ros2_service_server' build argument 'catkin_cmake_args' from command line to 'None'
[0.244s] Level 5:colcon.colcon_core.verb:set package 'ros2_service_server' build argument 'catkin_skip_building_tests' from command line to 'False'
[0.244s] DEBUG:colcon.colcon_core.verb:Building package 'ros2_service_server' with the following arguments: {'ament_cmake_args': None, 'build_base': '/home/amitha/assignment-ros2-c-service-server-AmithaMahesh/build/ros2_service_server', 'catkin_cmake_args': None, 'catkin_skip_building_tests': False, 'cmake_args': None, 'cmake_clean_cache': False, 'cmake_clean_first': False, 'cmake_force_configure': False, 'cmake_target': None, 'cmake_target_skip_unavailable': False, 'install_base': '/home/amitha/assignment-ros2-c-service-server-AmithaMahesh/install/ros2_service_server', 'merge_install': False, 'path': '/home/amitha/assignment-ros2-c-service-server-AmithaMahesh', 'symlink_install': False, 'test_result_base': None}
[0.244s] INFO:colcon.colcon_core.executor:Executing jobs using 'parallel' executor
[0.246s] DEBUG:colcon.colcon_parallel_executor.executor.parallel:run_until_complete
[0.246s] INFO:colcon.colcon_ros.task.ament_cmake.build:Building ROS package in '/home/amitha/assignment-ros2-c-service-server-AmithaMahesh' with build type 'ament_cmake'
[0.246s] INFO:colcon.colcon_cmake.task.cmake.build:Building CMake package in '/home/amitha/assignment-ros2-c-service-server-AmithaMahesh'
[0.248s] INFO:colcon.colcon_core.plugin_system:Skipping extension 'colcon_core.shell.bat': Not used on non-Windows systems
[0.248s] INFO:colcon.colcon_core.shell:Skip shell extension 'powershell' for command environment: Not usable outside of PowerShell
[0.248s] DEBUG:colcon.colcon_core.shell:Skip shell extension 'dsv' for command environment
[0.258s] DEBUG:colcon.colcon_core.event_handler.log_command:Invoking command in '/home/amitha/assignment-ros2-c-service-server-AmithaMahesh/build/ros2_service_server': CMAKE_PREFIX_PATH=${CMAKE_PREFIX_PATH}:/opt/ros/jazzy /usr/bin/cmake --build /home/amitha/assignment-ros2-c-service-server-AmithaMahesh/build/ros2_service_server -- -j22 -l22
[1.126s] DEBUG:colcon.colcon_core.event_handler.log_command:Invoked command in '/home/amitha/assignment-ros2-c-service-server-AmithaMahesh/build/ros2_service_server' returned '0': CMAKE_PREFIX_PATH=${CMAKE_PREFIX_PATH}:/opt/ros/jazzy /usr/bin/cmake --build /home/amitha/assignment-ros2-c-service-server-AmithaMahesh/build/ros2_service_server -- -j22 -l22
[1.139s] DEBUG:colcon.colcon_core.event_handler.log_command:Invoking command in '/home/amitha/assignment-ros2-c-service-server-AmithaMahesh/build/ros2_service_server': CMAKE_PREFIX_PATH=${CMAKE_PREFIX_PATH}:/opt/ros/jazzy /usr/bin/cmake --install /home/amitha/assignment-ros2-c-service-server-AmithaMahesh/build/ros2_service_server
[1.152s] Level 1:colcon.colcon_core.environment:create_environment_scripts_only(ros2_service_server)
[1.153s] DEBUG:colcon.colcon_core.event_handler.log_command:Invoked command in '/home/amitha/assignment-ros2-c-service-server-AmithaMahesh/build/ros2_service_server' returned '0': CMAKE_PREFIX_PATH=${CMAKE_PREFIX_PATH}:/opt/ros/jazzy /usr/bin/cmake --install /home/amitha/assignment-ros2-c-service-server-AmithaMahesh/build/ros2_service_server
[1.155s] Level 1:colcon.colcon_core.environment:checking '/home/amitha/assignment-ros2-c-service-server-AmithaMahesh/install/ros2_service_server' for CMake module files
[1.156s] Level 1:colcon.colcon_core.environment:checking '/home/amitha/assignment-ros2-c-service-server-AmithaMahesh/install/ros2_service_server' for CMake config files
[1.156s] Level 1:colcon.colcon_core.shell:create_environment_hook('ros2_service_server', 'cmake_prefix_path')
[1.156s] INFO:colcon.colcon_core.shell:Creating environment hook '/home/amitha/assignment-ros2-c-service-server-AmithaMahesh/install/ros2_service_server/share/ros2_service_server/hook/cmake_prefix_path.ps1'
[1.157s] INFO:colcon.colcon_core.shell:Creating environment descriptor '/home/amitha/assignment-ros2-c-service-server-AmithaMahesh/install/ros2_service_server/share/ros2_service_server/hook/cmake_prefix_path.dsv'
[1.158s] INFO:colcon.colcon_core.shell:Creating environment hook '/home/amitha/assignment-ros2-c-service-server-AmithaMahesh/install/ros2_service_server/share/ros2_service_server/hook/cmake_prefix_path.sh'
[1.159s] Level 1:colcon.colcon_core.environment:checking '/home/amitha/assignment-ros2-c-service-server-AmithaMahesh/install/ros2_service_server/lib'
[1.159s] Level 1:colcon.colcon_core.environment:checking '/home/amitha/assignment-ros2-c-service-server-AmithaMahesh/install/ros2_service_server/bin'
[1.159s] Level 1:colcon.colcon_core.environment:checking '/home/amitha/assignment-ros2-c-service-server-AmithaMahesh/install/ros2_service_server/lib/pkgconfig/ros2_service_server.pc'
[1.159s] Level 1:colcon.colcon_core.environment:checking '/home/amitha/assignment-ros2-c-service-server-AmithaMahesh/install/ros2_service_server/lib/python3.12/site-packages'
[1.160s] Level 1:colcon.colcon_core.environment:checking '/home/amitha/assignment-ros2-c-service-server-AmithaMahesh/install/ros2_service_server/bin'
[1.160s] INFO:colcon.colcon_core.shell:Creating package script '/home/amitha/assignment-ros2-c-service-server-AmithaMahesh/install/ros2_service_server/share/ros2_service_server/package.ps1'
[1.161s] INFO:colcon.colcon_core.shell:Creating package descriptor '/home/amitha/assignment-ros2-c-service-server-AmithaMahesh/install/ros2_service_server/share/ros2_service_server/package.dsv'
[1.162s] INFO:colcon.colcon_core.shell:Creating package script '/home/amitha/assignment-ros2-c-service-server-AmithaMahesh/install/ros2_service_server/share/ros2_service_server/package.sh'
[1.163s] INFO:colcon.colcon_core.shell:Creating package script '/home/amitha/assignment-ros2-c-service-server-AmithaMahesh/install/ros2_service_server/share/ros2_service_server/package.bash'
[1.163s] INFO:colcon.colcon_core.shell:Creating package script '/home/amitha/assignment-ros2-c-service-server-AmithaMahesh/install/ros2_service_server/share/ros2_service_server/package.zsh'
[1.164s] Level 1:colcon.colcon_core.environment:create_file_with_runtime_dependencies(/home/amitha/assignment-ros2-c-service-server-AmithaMahesh/install/ros2_service_server/share/colcon-core/packages/ros2_service_server)
[1.165s] Level 1:colcon.colcon_core.environment:create_environment_scripts_only(ros2_service_server)
[1.165s] Level 1:colcon.colcon_core.environment:checking '/home/amitha/assignment-ros2-c-service-server-AmithaMahesh/install/ros2_service_server' for CMake module files
[1.166s] Level 1:colcon.colcon_core.environment:checking '/home/amitha/assignment-ros2-c-service-server-AmithaMahesh/install/ros2_service_server' for CMake config files
[1.166s] Level 1:colcon.colcon_core.shell:create_environment_hook('ros2_service_server', 'cmake_prefix_path')
[1.166s] INFO:colcon.colcon_core.shell:Creating environment hook '/home/amitha/assignment-ros2-c-service-server-AmithaMahesh/install/ros2_service_server/share/ros2_service_server/hook/cmake_prefix_path.ps1'
[1.167s] INFO:colcon.colcon_core.shell:Creating environment descriptor '/home/amitha/assignment-ros2-c-service-server-AmithaMahesh/install/ros2_service_server/share/ros2_service_server/hook/cmake_prefix_path.dsv'
[1.167s] INFO:colcon.colcon_core.shell:Creating environment hook '/home/amitha/assignment-ros2-c-service-server-AmithaMahesh/install/ros2_service_server/share/ros2_service_server/hook/cmake_prefix_path.sh'
[1.168s] Level 1:colcon.colcon_core.environment:checking '/home/amitha/assignment-ros2-c-service-server-AmithaMahesh/install/ros2_service_server/lib'
[1.169s] Level 1:colcon.colcon_core.environment:checking '/home/amitha/assignment-ros2-c-service-server-AmithaMahesh/install/ros2_service_server/bin'
[1.169s] Level 1:colcon.colcon_core.environment:checking '/home/amitha/assignment-ros2-c-service-server-AmithaMahesh/install/ros2_service_server/lib/pkgconfig/ros2_service_server.pc'
[1.169s] Level 1:colcon.colcon_core.environment:checking '/home/amitha/assignment-ros2-c-service-server-AmithaMahesh/install/ros2_service_server/lib/python3.12/site-packages'
[1.170s] Level 1:colcon.colcon_core.environment:checking '/home/amitha/assignment-ros2-c-service-server-AmithaMahesh/install/ros2_service_server/bin'
[1.170s] INFO:colcon.colcon_core.shell:Creating package script '/home/amitha/assignment-ros2-c-service-server-AmithaMahesh/install/ros2_service_server/share/ros2_service_server/package.ps1'
[1.171s] INFO:colcon.colcon_core.shell:Creating package descriptor '/home/amitha/assignment-ros2-c-service-server-AmithaMahesh/install/ros2_service_server/share/ros2_service_server/package.dsv'
[1.171s] INFO:colcon.colcon_core.shell:Creating package script '/home/amitha/assignment-ros2-c-service-server-AmithaMahesh/install/ros2_service_server/share/ros2_service_server/package.sh'
[1.172s] INFO:colcon.colcon_core.shell:Creating package script '/home/amitha/assignment-ros2-c-service-server-AmithaMahesh/install/ros2_service_server/share/ros2_service_server/package.bash'
[1.172s] INFO:colcon.colcon_core.shell:Creating package script '/home/amitha/assignment-ros2-c-service-server-AmithaMahesh/install/ros2_service_server/share/ros2_service_server/package.zsh'
[1.173s] Level 1:colcon.colcon_core.environment:create_file_with_runtime_dependencies(/home/amitha/assignment-ros2-c-service-server-AmithaMahesh/install/ros2_service_server/share/colcon-core/packages/ros2_service_server)
[1.173s] DEBUG:colcon.colcon_parallel_executor.executor.parallel:closing loop
[1.173s] DEBUG:colcon.colcon_parallel_executor.executor.parallel:loop closed
[1.174s] DEBUG:colcon.colcon_parallel_executor.executor.parallel:run_until_complete finished with '0'
[1.174s] DEBUG:colcon.colcon_core.event_reactor:joining thread
[1.181s] INFO:colcon.colcon_core.plugin_system:Skipping extension 'colcon_notification.desktop_notification.terminal_notifier': Not used on non-Darwin systems
[1.181s] INFO:colcon.colcon_core.plugin_system:Skipping extension 'colcon_notification.desktop_notification.win32': Not used on non-Windows systems
[1.181s] INFO:colcon.colcon_notification.desktop_notification:Sending desktop notification using 'notify2'
[1.191s] DEBUG:colcon.colcon_core.event_reactor:joined thread
[1.192s] INFO:colcon.colcon_core.shell:Creating prefix script '/home/amitha/assignment-ros2-c-service-server-AmithaMahesh/install/local_setup.ps1'
[1.192s] INFO:colcon.colcon_core.shell:Creating prefix util module '/home/amitha/assignment-ros2-c-service-server-AmithaMahesh/install/_local_setup_util_ps1.py'
[1.194s] INFO:colcon.colcon_core.shell:Creating prefix chain script '/home/amitha/assignment-ros2-c-service-server-AmithaMahesh/install/setup.ps1'
[1.195s] INFO:colcon.colcon_core.shell:Creating prefix script '/home/amitha/assignment-ros2-c-service-server-AmithaMahesh/install/local_setup.sh'
[1.195s] INFO:colcon.colcon_core.shell:Creating prefix util module '/home/amitha/assignment-ros2-c-service-server-AmithaMahesh/install/_local_setup_util_sh.py'
[1.196s] INFO:colcon.colcon_core.shell:Creating prefix chain script '/home/amitha/assignment-ros2-c-service-server-AmithaMahesh/install/setup.sh'
[1.197s] INFO:colcon.colcon_core.shell:Creating prefix script '/home/amitha/assignment-ros2-c-service-server-AmithaMahesh/install/local_setup.bash'
[1.197s] INFO:colcon.colcon_core.shell:Creating prefix chain script '/home/amitha/assignment-ros2-c-service-server-AmithaMahesh/install/setup.bash'
[1.198s] INFO:colcon.colcon_core.shell:Creating prefix script '/home/amitha/assignment-ros2-c-service-server-AmithaMahesh/install/local_setup.zsh'
[1.199s] INFO:colcon.colcon_core.shell:Creating prefix chain script '/home/amitha/assignment-ros2-c-service-server-AmithaMahesh/install/setup.zsh'
