[0.112s] DEBUG:colcon:Command line arguments: ['/usr/bin/colcon', 'build', '--packages-select', 'ros2_service_server']
[0.112s] DEBUG:colcon:Parsed command line arguments: Namespace(log_base=None, log_level=None, verb_name='build', build_base='build', install_base='install', merge_install=False, symlink_install=False, test_result_base=None, continue_on_error=False, executor='parallel', parallel_workers=22, event_handlers=None, ignore_user_meta=False, metas=['./colcon.meta'], base_paths=['.'], packages_ignore=None, packages_ignore_regex=None, paths=None, packages_up_to=None, packages_up_to_regex=None, packages_above=None, packages_above_and_dependencies=None, packages_above_depth=None, packages_select_by_dep=None, packages_skip_by_dep=None, packages_skip_up_to=None, packages_select_build_failed=False, packages_skip_build_finished=False, packages_select_test_failures=False, packages_skip_test_passed=False, packages_select=['ros2_service_server'], packages_skip=None, packages_select_regex=None, packages_skip_regex=None, packages_start=None, packages_end=None, allow_overriding=[], cmake_args=None, cmake_target=None, cmake_target_skip_unavailable=False, cmake_clean_cache=False, cmake_clean_first=False, cmake_force_configure=False, ament_cmake_args=None, catkin_cmake_args=None, catkin_skip_building_tests=False, mixin_files=None, mixin=None, verb_parser=<colcon_mixin.mixin.mixin_argument.MixinArgumentDecorator object at 0x726a1bd9ade0>, verb_extension=<colcon_core.verb.build.BuildVerb object at 0x726a1bd9aa20>, main=<bound method BuildVerb.main of <colcon_core.verb.build.BuildVerb object at 0x726a1bd9aa20>>, mixin_verb=('build',))
[0.151s] Level 1:colcon.colcon_core.package_discovery:discover_packages(colcon_meta) check parameters
[0.151s] Level 1:colcon.colcon_core.package_discovery:discover_packages(recursive) check parameters
[0.151s] Level 1:colcon.colcon_core.package_discovery:discover_packages(ignore) check parameters
[0.151s] Level 1:colcon.colcon_core.package_discovery:discover_packages(path) check parameters
[0.151s] Level 1:colcon.colcon_core.package_discovery:discover_packages(colcon_meta) discover
[0.151s] Level 1:colcon.colcon_core.package_discovery:discover_packages(recursive) discover
[0.151s] INFO:colcon.colcon_core.package_discovery:Crawling recursively for packages in '/home/amitha/assignment-ros2-c-service-server-AmithaMahesh'
[0.151s] Level 1:colcon.colcon_core.package_identification:_identify(.) by extensions ['ignore', 'ignore_ament_install']
[0.151s] Level 1:colcon.colcon_core.package_identification:_identify(.) by extension 'ignore'
[0.151s] Level 1:colcon.colcon_core.package_identification:_identify(.) by extension 'ignore_ament_install'
[0.151s] Level 1:colcon.colcon_core.package_identification:_identify(.) by extensions ['colcon_pkg']
[0.152s] Level 1:colcon.colcon_core.package_identification:_identify(.) by extension 'colcon_pkg'
[0.152s] Level 1:colcon.colcon_core.package_identification:_identify(.) by extensions ['colcon_meta']
[0.152s] Level 1:colcon.colcon_core.package_identification:_identify(.) by extension 'colcon_meta'
[0.152s] Level 1:colcon.colcon_core.package_identification:_identify(.) by extensions ['ros']
[0.152s] Level 1:colcon.colcon_core.package_identification:_identify(.) by extension 'ros'
[0.181s] DEBUG:colcon.colcon_core.package_identification:Package '.' with type 'ros.ament_cmake' and name 'ros2_service_server'
[0.181s] Level 1:colcon.colcon_core.package_discovery:discover_packages(recursive) using defaults
[0.181s] Level 1:colcon.colcon_core.package_discovery:discover_packages(ignore) discover
[0.181s] Level 1:colcon.colcon_core.package_discovery:discover_packages(ignore) using defaults
[0.181s] Level 1:colcon.colcon_core.package_discovery:discover_packages(path) discover
[0.181s] Level 1:colcon.colcon_core.package_discovery:discover_packages(path) using defaults
[0.203s] Level 1:colcon.colcon_core.package_discovery:discover_packages(prefix_path) check parameters
[0.203s] Level 1:colcon.colcon_core.package_discovery:discover_packages(prefix_path) discover
[0.204s] DEBUG:colcon.colcon_installed_package_information.package_discovery:Found 1 installed packages in /home/amitha/assignment-ros2-c-service-server-AmithaMahesh/install
[0.206s] DEBUG:colcon.colcon_installed_package_information.package_discovery:Found 290 installed packages in /opt/ros/jazzy
[0.207s] Level 1:colcon.colcon_core.package_discovery:discover_packages(prefix_path) using defaults
[0.245s] Level 5:colcon.colcon_core.verb:set package 'ros2_service_server' build argument 'cmake_args' from command line to 'None'
[0.245s] Level 5:colcon.colcon_core.verb:set package 'ros2_service_server' build argument 'cmake_target' from command line to 'None'
[0.245s] Level 5:colcon.colcon_core.verb:set package 'ros2_service_server' build argument 'cmake_target_skip_unavailable' from command line to 'False'
[0.245s] Level 5:colcon.colcon_core.verb:set package 'ros2_service_server' build argument 'cmake_clean_cache' from command line to 'False'
[0.245s] Level 5:colcon.colcon_core.verb:set package 'ros2_service_server' build argument 'cmake_clean_first' from command line to 'False'
[0.245s] Level 5:colcon.colcon_core.verb:set package 'ros2_service_server' build argument 'cmake_force_configure' from command line to 'False'
[0.245s] Level 5:colcon.colcon_core.verb:set package 'ros2_service_server' build argument 'ament_cmake_args' from command line to 'None'
[0.245s] Level 5:colcon.colcon_core.verb:set package 'ros2_service_server' build argument 'catkin_cmake_args' from command line to 'None'
[0.245s] Level 5:colcon.colcon_core.verb:set package 'ros2_service_server' build argument 'catkin_skip_building_tests' from command line to 'False'
[0.245s] DEBUG:colcon.colcon_core.verb:Building package 'ros2_service_server' with the following arguments: {'ament_cmake_args': None, 'build_base': '/home/amitha/assignment-ros2-c-service-server-AmithaMahesh/build/ros2_service_server', 'catkin_cmake_args': None, 'catkin_skip_building_tests': False, 'cmake_args': None, 'cmake_clean_cache': False, 'cmake_clean_first': False, 'cmake_force_configure': False, 'cmake_target': None, 'cmake_target_skip_unavailable': False, 'install_base': '/home/amitha/assignment-ros2-c-service-server-AmithaMahesh/install/ros2_service_server', 'merge_install': False, 'path': '/home/amitha/assignment-ros2-c-service-server-AmithaMahesh', 'symlink_install': False, 'test_result_base': None}
[0.246s] INFO:colcon.colcon_core.executor:Executing jobs using 'parallel' executor
[0.247s] DEBUG:colcon.colcon_parallel_executor.executor.parallel:run_until_complete
[0.247s] INFO:colcon.colcon_ros.task.ament_cmake.build:Building ROS package in '/home/amitha/assignment-ros2-c-service-server-AmithaMahesh' with build type 'ament_cmake'
[0.247s] INFO:colcon.colcon_cmake.task.cmake.build:Building CMake package in '/home/amitha/assignment-ros2-c-service-server-AmithaMahesh'
[0.249s] INFO:colcon.colcon_core.plugin_system:Skipping extension 'colcon_core.shell.bat': Not used on non-Windows systems
[0.249s] INFO:colcon.colcon_core.shell:Skip shell extension 'powershell' for command environment: Not usable outside of PowerShell
[0.249s] DEBUG:colcon.colcon_core.shell:Skip shell extension 'dsv' for command environment
[0.260s] DEBUG:colcon.colcon_core.event_handler.log_command:Invoking command in '/home/amitha/assignment-ros2-c-service-server-AmithaMahesh/build/ros2_service_server': CMAKE_PREFIX_PATH=${CMAKE_PREFIX_PATH}:/opt/ros/jazzy /usr/bin/cmake --build /home/amitha/assignment-ros2-c-service-server-AmithaMahesh/build/ros2_service_server -- -j22 -l22
[2.971s] DEBUG:colcon.colcon_core.event_handler.log_command:Invoked command in '/home/amitha/assignment-ros2-c-service-server-AmithaMahesh/build/ros2_service_server' returned '0': CMAKE_PREFIX_PATH=${CMAKE_PREFIX_PATH}:/opt/ros/jazzy /usr/bin/cmake --build /home/amitha/assignment-ros2-c-service-server-AmithaMahesh/build/ros2_service_server -- -j22 -l22
[2.985s] DEBUG:colcon.colcon_core.event_handler.log_command:Invoking command in '/home/amitha/assignment-ros2-c-service-server-AmithaMahesh/build/ros2_service_server': CMAKE_PREFIX_PATH=${CMAKE_PREFIX_PATH}:/opt/ros/jazzy /usr/bin/cmake --install /home/amitha/assignment-ros2-c-service-server-AmithaMahesh/build/ros2_service_server
[2.999s] Level 1:colcon.colcon_core.environment:create_environment_scripts_only(ros2_service_server)
[3.000s] DEBUG:colcon.colcon_core.event_handler.log_command:Invoked command in '/home/amitha/assignment-ros2-c-service-server-AmithaMahesh/build/ros2_service_server' returned '0': CMAKE_PREFIX_PATH=${CMAKE_PREFIX_PATH}:/opt/ros/jazzy /usr/bin/cmake --install /home/amitha/assignment-ros2-c-service-server-AmithaMahesh/build/ros2_service_server
[3.003s] Level 1:colcon.colcon_core.environment:checking '/home/amitha/assignment-ros2-c-service-server-AmithaMahesh/install/ros2_service_server' for CMake module files
[3.003s] Level 1:colcon.colcon_core.environment:checking '/home/amitha/assignment-ros2-c-service-server-AmithaMahesh/install/ros2_service_server' for CMake config files
[3.004s] Level 1:colcon.colcon_core.shell:create_environment_hook('ros2_service_server', 'cmake_prefix_path')
[3.004s] INFO:colcon.colcon_core.shell:Creating environment hook '/home/amitha/assignment-ros2-c-service-server-AmithaMahesh/install/ros2_service_server/share/ros2_service_server/hook/cmake_prefix_path.ps1'
[3.005s] INFO:colcon.colcon_core.shell:Creating environment descriptor '/home/amitha/assignment-ros2-c-service-server-AmithaMahesh/install/ros2_service_server/share/ros2_service_server/hook/cmake_prefix_path.dsv'
[3.006s] INFO:colcon.colcon_core.shell:Creating environment hook '/home/amitha/assignment-ros2-c-service-server-AmithaMahesh/install/ros2_service_server/share/ros2_service_server/hook/cmake_prefix_path.sh'
[3.007s] Level 1:colcon.colcon_core.environment:checking '/home/amitha/assignment-ros2-c-service-server-AmithaMahesh/install/ros2_service_server/lib'
[3.007s] Level 1:colcon.colcon_core.environment:checking '/home/amitha/assignment-ros2-c-service-server-AmithaMahesh/install/ros2_service_server/bin'
[3.007s] Level 1:colcon.colcon_core.environment:checking '/home/amitha/assignment-ros2-c-service-server-AmithaMahesh/install/ros2_service_server/lib/pkgconfig/ros2_service_server.pc'
[3.008s] Level 1:colcon.colcon_core.environment:checking '/home/amitha/assignment-ros2-c-service-server-AmithaMahesh/install/ros2_service_server/lib/python3.12/site-packages'
[3.008s] Level 1:colcon.colcon_core.environment:checking '/home/amitha/assignment-ros2-c-service-server-AmithaMahesh/install/ros2_service_server/bin'
[3.008s] INFO:colcon.colcon_core.shell:Creating package script '/home/amitha/assignment-ros2-c-service-server-AmithaMahesh/install/ros2_service_server/share/ros2_service_server/package.ps1'
[3.009s] INFO:colcon.colcon_core.shell:Creating package descriptor '/home/amitha/assignment-ros2-c-service-server-AmithaMahesh/install/ros2_service_server/share/ros2_service_server/package.dsv'
[3.010s] INFO:colcon.colcon_core.shell:Creating package script '/home/amitha/assignment-ros2-c-service-server-AmithaMahesh/install/ros2_service_server/share/ros2_service_server/package.sh'
[3.010s] INFO:colcon.colcon_core.shell:Creating package script '/home/amitha/assignment-ros2-c-service-server-AmithaMahesh/install/ros2_service_server/share/ros2_service_server/package.bash'
[3.011s] INFO:colcon.colcon_core.shell:Creating package script '/home/amitha/assignment-ros2-c-service-server-AmithaMahesh/install/ros2_service_server/share/ros2_service_server/package.zsh'
[3.011s] Level 1:colcon.colcon_core.environment:create_file_with_runtime_dependencies(/home/amitha/assignment-ros2-c-service-server-AmithaMahesh/install/ros2_service_server/share/colcon-core/packages/ros2_service_server)
[3.012s] Level 1:colcon.colcon_core.environment:create_environment_scripts_only(ros2_service_server)
[3.012s] Level 1:colcon.colcon_core.environment:checking '/home/amitha/assignment-ros2-c-service-server-AmithaMahesh/install/ros2_service_server' for CMake module files
[3.013s] Level 1:colcon.colcon_core.environment:checking '/home/amitha/assignment-ros2-c-service-server-AmithaMahesh/install/ros2_service_server' for CMake config files
[3.013s] Level 1:colcon.colcon_core.shell:create_environment_hook('ros2_service_server', 'cmake_prefix_path')
[3.013s] INFO:colcon.colcon_core.shell:Creating environment hook '/home/amitha/assignment-ros2-c-service-server-AmithaMahesh/install/ros2_service_server/share/ros2_service_server/hook/cmake_prefix_path.ps1'
[3.014s] INFO:colcon.colcon_core.shell:Creating environment descriptor '/home/amitha/assignment-ros2-c-service-server-AmithaMahesh/install/ros2_service_server/share/ros2_service_server/hook/cmake_prefix_path.dsv'
[3.014s] INFO:colcon.colcon_core.shell:Creating environment hook '/home/amitha/assignment-ros2-c-service-server-AmithaMahesh/install/ros2_service_server/share/ros2_service_server/hook/cmake_prefix_path.sh'
[3.015s] Level 1:colcon.colcon_core.environment:checking '/home/amitha/assignment-ros2-c-service-server-AmithaMahesh/install/ros2_service_server/lib'
[3.015s] Level 1:colcon.colcon_core.environment:checking '/home/amitha/assignment-ros2-c-service-server-AmithaMahesh/install/ros2_service_server/bin'
[3.015s] Level 1:colcon.colcon_core.environment:checking '/home/amitha/assignment-ros2-c-service-server-AmithaMahesh/install/ros2_service_server/lib/pkgconfig/ros2_service_server.pc'
[3.015s] Level 1:colcon.colcon_core.environment:checking '/home/amitha/assignment-ros2-c-service-server-AmithaMahesh/install/ros2_service_server/lib/python3.12/site-packages'
[3.015s] Level 1:colcon.colcon_core.environment:checking '/home/amitha/assignment-ros2-c-service-server-AmithaMahesh/install/ros2_service_server/bin'
[3.016s] INFO:colcon.colcon_core.shell:Creating package script '/home/amitha/assignment-ros2-c-service-server-AmithaMahesh/install/ros2_service_server/share/ros2_service_server/package.ps1'
[3.016s] INFO:colcon.colcon_core.shell:Creating package descriptor '/home/amitha/assignment-ros2-c-service-server-AmithaMahesh/install/ros2_service_server/share/ros2_service_server/package.dsv'
[3.017s] INFO:colcon.colcon_core.shell:Creating package script '/home/amitha/assignment-ros2-c-service-server-AmithaMahesh/install/ros2_service_server/share/ros2_service_server/package.sh'
[3.017s] INFO:colcon.colcon_core.shell:Creating package script '/home/amitha/assignment-ros2-c-service-server-AmithaMahesh/install/ros2_service_server/share/ros2_service_server/package.bash'
[3.018s] INFO:colcon.colcon_core.shell:Creating package script '/home/amitha/assignment-ros2-c-service-server-AmithaMahesh/install/ros2_service_server/share/ros2_service_server/package.zsh'
[3.018s] Level 1:colcon.colcon_core.environment:create_file_with_runtime_dependencies(/home/amitha/assignment-ros2-c-service-server-AmithaMahesh/install/ros2_service_server/share/colcon-core/packages/ros2_service_server)
[3.018s] DEBUG:colcon.colcon_parallel_executor.executor.parallel:closing loop
[3.018s] DEBUG:colcon.colcon_parallel_executor.executor.parallel:loop closed
[3.019s] DEBUG:colcon.colcon_parallel_executor.executor.parallel:run_until_complete finished with '0'
[3.019s] DEBUG:colcon.colcon_core.event_reactor:joining thread
[3.026s] INFO:colcon.colcon_core.plugin_system:Skipping extension 'colcon_notification.desktop_notification.terminal_notifier': Not used on non-Darwin systems
[3.026s] INFO:colcon.colcon_core.plugin_system:Skipping extension 'colcon_notification.desktop_notification.win32': Not used on non-Windows systems
[3.026s] INFO:colcon.colcon_notification.desktop_notification:Sending desktop notification using 'notify2'
[3.039s] DEBUG:colcon.colcon_core.event_reactor:joined thread
[3.040s] INFO:colcon.colcon_core.shell:Creating prefix script '/home/amitha/assignment-ros2-c-service-server-AmithaMahesh/install/local_setup.ps1'
[3.041s] INFO:colcon.colcon_core.shell:Creating prefix util module '/home/amitha/assignment-ros2-c-service-server-AmithaMahesh/install/_local_setup_util_ps1.py'
[3.042s] INFO:colcon.colcon_core.shell:Creating prefix chain script '/home/amitha/assignment-ros2-c-service-server-AmithaMahesh/install/setup.ps1'
[3.043s] INFO:colcon.colcon_core.shell:Creating prefix script '/home/amitha/assignment-ros2-c-service-server-AmithaMahesh/install/local_setup.sh'
[3.043s] INFO:colcon.colcon_core.shell:Creating prefix util module '/home/amitha/assignment-ros2-c-service-server-AmithaMahesh/install/_local_setup_util_sh.py'
[3.044s] INFO:colcon.colcon_core.shell:Creating prefix chain script '/home/amitha/assignment-ros2-c-service-server-AmithaMahesh/install/setup.sh'
[3.045s] INFO:colcon.colcon_core.shell:Creating prefix script '/home/amitha/assignment-ros2-c-service-server-AmithaMahesh/install/local_setup.bash'
[3.045s] INFO:colcon.colcon_core.shell:Creating prefix chain script '/home/amitha/assignment-ros2-c-service-server-AmithaMahesh/install/setup.bash'
[3.046s] INFO:colcon.colcon_core.shell:Creating prefix script '/home/amitha/assignment-ros2-c-service-server-AmithaMahesh/install/local_setup.zsh'
[3.047s] INFO:colcon.colcon_core.shell:Creating prefix chain script '/home/amitha/assignment-ros2-c-service-server-AmithaMahesh/install/setup.zsh'
