[0.014s] Invoking command in '/home/amitha/assignment-ros2-c-service-server-AmithaMahesh/build/ros2_service_server': CMAKE_PREFIX_PATH=${CMAKE_PREFIX_PATH}:/opt/ros/jazzy /usr/bin/cmake /home/amitha/assignment-ros2-c-service-server-AmithaMahesh -DCMAKE_INSTALL_PREFIX=/home/amitha/assignment-ros2-c-service-server-AmithaMahesh/install/ros2_service_server
[0.198s] -- The C compiler identification is GNU 13.3.0
[0.338s] -- The CXX compiler identification is GNU 13.3.0
[0.364s] -- Detecting C compiler ABI info
[0.487s] -- Detecting C compiler ABI info - done
[0.499s] -- Check for working C compiler: /usr/bin/cc - skipped
[0.501s] -- Detecting C compile features
[0.501s] -- Detecting C compile features - done
[0.515s] -- Detecting CXX compiler ABI info
[0.648s] -- Detecting CXX compiler ABI info - done
[0.661s] -- Check for working CXX compiler: /usr/bin/c++ - skipped
[0.661s] -- Detecting CXX compile features
[0.662s] -- Detecting CXX compile features - done
[0.668s] -- Found ament_cmake: 2.5.4 (/opt/ros/jazzy/share/ament_cmake/cmake)
[0.863s] -- Found Python3: /usr/bin/python3 (found version "3.12.3") found components: Interpreter 
[1.001s] -- Found rclcpp: 28.1.13 (/opt/ros/jazzy/share/rclcpp/cmake)
[1.052s] -- Found rosidl_generator_c: 4.6.6 (/opt/ros/jazzy/share/rosidl_generator_c/cmake)
[1.067s] -- Found rosidl_generator_cpp: 4.6.6 (/opt/ros/jazzy/share/rosidl_generator_cpp/cmake)
[1.086s] -- Using all available rosidl_typesupport_c: rosidl_typesupport_fastrtps_c;rosidl_typesupport_introspection_c
[1.107s] -- Using all available rosidl_typesupport_cpp: rosidl_typesupport_fastrtps_cpp;rosidl_typesupport_introspection_cpp
[1.200s] -- Found rmw_implementation_cmake: 7.3.2 (/opt/ros/jazzy/share/rmw_implementation_cmake/cmake)
[1.203s] -- Found rmw_fastrtps_cpp: 8.4.3 (/opt/ros/jazzy/share/rmw_fastrtps_cpp/cmake)
[1.316s] -- Found OpenSSL: /usr/lib/x86_64-linux-gnu/libcrypto.so (found version "3.0.13")  
[1.345s] -- Found FastRTPS: /opt/ros/jazzy/include (Required is at least version "2.13") 
[1.378s] -- Using RMW implementation 'rmw_fastrtps_cpp' as default
[1.474s] -- Found example_interfaces: 0.12.0 (/opt/ros/jazzy/share/example_interfaces/cmake)
[1.655s] -- Configuring done (1.6s)
[1.670s] -- Generating done (0.0s)
[1.675s] -- Build files have been written to: /home/amitha/assignment-ros2-c-service-server-AmithaMahesh/build/ros2_service_server
[1.688s] Invoked command in '/home/amitha/assignment-ros2-c-service-server-AmithaMahesh/build/ros2_service_server' returned '0': CMAKE_PREFIX_PATH=${CMAKE_PREFIX_PATH}:/opt/ros/jazzy /usr/bin/cmake /home/amitha/assignment-ros2-c-service-server-AmithaMahesh -DCMAKE_INSTALL_PREFIX=/home/amitha/assignment-ros2-c-service-server-AmithaMahesh/install/ros2_service_server
[1.688s] Invoking command in '/home/amitha/assignment-ros2-c-service-server-AmithaMahesh/build/ros2_service_server': CMAKE_PREFIX_PATH=${CMAKE_PREFIX_PATH}:/opt/ros/jazzy /usr/bin/cmake --build /home/amitha/assignment-ros2-c-service-server-AmithaMahesh/build/ros2_service_server -- -j22 -l22
[1.756s] [ 50%] [32mBuilding CXX object CMakeFiles/add_two_ints_server.dir/src/add_two_ints_server.cpp.o[0m
[4.241s] gmake[2]: *** [CMakeFiles/add_two_ints_server.dir/build.make:76: CMakeFiles/add_two_ints_server.dir/src/add_two_ints_server.cpp.o] Interrupt
[4.241s] gmake[1]: *** [CMakeFiles/Makefile2:137: CMakeFiles/add_two_ints_server.dir/all] Interrupt
[4.241s] gmake: *** [Makefile:146: all] Interrupt
[4.255s] Invoked command in '/home/amitha/assignment-ros2-c-service-server-AmithaMahesh/build/ros2_service_server' returned '-2': CMAKE_PREFIX_PATH=${CMAKE_PREFIX_PATH}:/opt/ros/jazzy /usr/bin/cmake --build /home/amitha/assignment-ros2-c-service-server-AmithaMahesh/build/ros2_service_server -- -j22 -l22
