[0.012s] Invoking command in '/home/amitha/assignment-ros2-c-service-server-AmithaMahesh/build/ros2_service_server': CMAKE_PREFIX_PATH=${CMAKE_PREFIX_PATH}:/opt/ros/jazzy /usr/bin/cmake --build /home/amitha/assignment-ros2-c-service-server-AmithaMahesh/build/ros2_service_server -- -j22 -l22
[0.050s] -- Found ament_cmake: 2.5.4 (/opt/ros/jazzy/share/ament_cmake/cmake)
[0.330s] -- Found rclcpp: 28.1.13 (/opt/ros/jazzy/share/rclcpp/cmake)
[0.365s] -- Found rosidl_generator_c: 4.6.6 (/opt/ros/jazzy/share/rosidl_generator_c/cmake)
[0.376s] -- Found rosidl_generator_cpp: 4.6.6 (/opt/ros/jazzy/share/rosidl_generator_cpp/cmake)
[0.388s] -- Using all available rosidl_typesupport_c: rosidl_typesupport_fastrtps_c;rosidl_typesupport_introspection_c
[0.402s] -- Using all available rosidl_typesupport_cpp: rosidl_typesupport_fastrtps_cpp;rosidl_typesupport_introspection_cpp
[0.475s] -- Found rmw_implementation_cmake: 7.3.2 (/opt/ros/jazzy/share/rmw_implementation_cmake/cmake)
[0.476s] -- Found rmw_fastrtps_cpp: 8.4.3 (/opt/ros/jazzy/share/rmw_fastrtps_cpp/cmake)
[0.555s] -- Using RMW implementation 'rmw_fastrtps_cpp' as default
[0.627s] -- Found example_interfaces: 0.12.0 (/opt/ros/jazzy/share/example_interfaces/cmake)
[0.783s] -- Configuring done (0.7s)
[0.798s] -- Generating done (0.0s)
[0.802s] -- Build files have been written to: /home/amitha/assignment-ros2-c-service-server-AmithaMahesh/build/ros2_service_server
[0.864s] [100%] Built target add_two_ints_server
[0.880s] Invoked command in '/home/amitha/assignment-ros2-c-service-server-AmithaMahesh/build/ros2_service_server' returned '0': CMAKE_PREFIX_PATH=${CMAKE_PREFIX_PATH}:/opt/ros/jazzy /usr/bin/cmake --build /home/amitha/assignment-ros2-c-service-server-AmithaMahesh/build/ros2_service_server -- -j22 -l22
[0.893s] Invoking command in '/home/amitha/assignment-ros2-c-service-server-AmithaMahesh/build/ros2_service_server': CMAKE_PREFIX_PATH=${CMAKE_PREFIX_PATH}:/opt/ros/jazzy /usr/bin/cmake --install /home/amitha/assignment-ros2-c-service-server-AmithaMahesh/build/ros2_service_server
[0.903s] -- Install configuration: ""
[0.904s] -- Up-to-date: /home/amitha/assignment-ros2-c-service-server-AmithaMahesh/install/ros2_service_server/lib/ros2_service_server/add_two_ints_server
[0.904s] -- Up-to-date: /home/amitha/assignment-ros2-c-service-server-AmithaMahesh/install/ros2_service_server/share/ament_index/resource_index/package_run_dependencies/ros2_service_server
[0.904s] -- Up-to-date: /home/amitha/assignment-ros2-c-service-server-AmithaMahesh/install/ros2_service_server/share/ament_index/resource_index/parent_prefix_path/ros2_service_server
[0.904s] -- Up-to-date: /home/amitha/assignment-ros2-c-service-server-AmithaMahesh/install/ros2_service_server/share/ros2_service_server/environment/ament_prefix_path.sh
[0.905s] -- Up-to-date: /home/amitha/assignment-ros2-c-service-server-AmithaMahesh/install/ros2_service_server/share/ros2_service_server/environment/ament_prefix_path.dsv
[0.905s] -- Up-to-date: /home/amitha/assignment-ros2-c-service-server-AmithaMahesh/install/ros2_service_server/share/ros2_service_server/environment/path.sh
[0.905s] -- Up-to-date: /home/amitha/assignment-ros2-c-service-server-AmithaMahesh/install/ros2_service_server/share/ros2_service_server/environment/path.dsv
[0.905s] -- Up-to-date: /home/amitha/assignment-ros2-c-service-server-AmithaMahesh/install/ros2_service_server/share/ros2_service_server/local_setup.bash
[0.905s] -- Up-to-date: /home/amitha/assignment-ros2-c-service-server-AmithaMahesh/install/ros2_service_server/share/ros2_service_server/local_setup.sh
[0.905s] -- Up-to-date: /home/amitha/assignment-ros2-c-service-server-AmithaMahesh/install/ros2_service_server/share/ros2_service_server/local_setup.zsh
[0.905s] -- Up-to-date: /home/amitha/assignment-ros2-c-service-server-AmithaMahesh/install/ros2_service_server/share/ros2_service_server/local_setup.dsv
[0.905s] -- Installing: /home/amitha/assignment-ros2-c-service-server-AmithaMahesh/install/ros2_service_server/share/ros2_service_server/package.dsv
[0.905s] -- Up-to-date: /home/amitha/assignment-ros2-c-service-server-AmithaMahesh/install/ros2_service_server/share/ament_index/resource_index/packages/ros2_service_server
[0.905s] -- Up-to-date: /home/amitha/assignment-ros2-c-service-server-AmithaMahesh/install/ros2_service_server/share/ros2_service_server/cmake/ros2_service_serverConfig.cmake
[0.905s] -- Up-to-date: /home/amitha/assignment-ros2-c-service-server-AmithaMahesh/install/ros2_service_server/share/ros2_service_server/cmake/ros2_service_serverConfig-version.cmake
[0.905s] -- Installing: /home/amitha/assignment-ros2-c-service-server-AmithaMahesh/install/ros2_service_server/share/ros2_service_server/package.xml
[0.906s] Invoked command in '/home/amitha/assignment-ros2-c-service-server-AmithaMahesh/build/ros2_service_server' returned '0': CMAKE_PREFIX_PATH=${CMAKE_PREFIX_PATH}:/opt/ros/jazzy /usr/bin/cmake --install /home/amitha/assignment-ros2-c-service-server-AmithaMahesh/build/ros2_service_server
