[0.013s] Invoking command in '/home/amitha/assignment-ros2-c-service-server-AmithaMahesh/build/ros2_service_server': CMAKE_PREFIX_PATH=${CMAKE_PREFIX_PATH}:/opt/ros/jazzy /usr/bin/cmake --build /home/amitha/assignment-ros2-c-service-server-AmithaMahesh/build/ros2_service_server -- -j22 -l22
[0.082s] [ 50%] [32mBuilding CXX object CMakeFiles/add_two_ints_server.dir/src/add_two_ints_server.cpp.o[0m
[2.536s] [100%] [32m[1mLinking CXX executable add_two_ints_server[0m
[2.706s] [100%] Built target add_two_ints_server
[2.724s] Invoked command in '/home/amitha/assignment-ros2-c-service-server-AmithaMahesh/build/ros2_service_server' returned '0': CMAKE_PREFIX_PATH=${CMAKE_PREFIX_PATH}:/opt/ros/jazzy /usr/bin/cmake --build /home/amitha/assignment-ros2-c-service-server-AmithaMahesh/build/ros2_service_server -- -j22 -l22
[2.738s] Invoking command in '/home/amitha/assignment-ros2-c-service-server-AmithaMahesh/build/ros2_service_server': CMAKE_PREFIX_PATH=${CMAKE_PREFIX_PATH}:/opt/ros/jazzy /usr/bin/cmake --install /home/amitha/assignment-ros2-c-service-server-AmithaMahesh/build/ros2_service_server
[2.747s] -- Install configuration: ""
[2.747s] -- Installing: /home/amitha/assignment-ros2-c-service-server-AmithaMahesh/install/ros2_service_server/lib/ros2_service_server/add_two_ints_server
[2.748s] -- Set non-toolchain portion of runtime path of "/home/amitha/assignment-ros2-c-service-server-AmithaMahesh/install/ros2_service_server/lib/ros2_service_server/add_two_ints_server" to ""
[2.748s] -- Installing: /home/amitha/assignment-ros2-c-service-server-AmithaMahesh/install/ros2_service_server/share/ament_index/resource_index/package_run_dependencies/ros2_service_server
[2.748s] -- Installing: /home/amitha/assignment-ros2-c-service-server-AmithaMahesh/install/ros2_service_server/share/ament_index/resource_index/parent_prefix_path/ros2_service_server
[2.748s] -- Installing: /home/amitha/assignment-ros2-c-service-server-AmithaMahesh/install/ros2_service_server/share/ros2_service_server/environment/ament_prefix_path.sh
[2.749s] -- Installing: /home/amitha/assignment-ros2-c-service-server-AmithaMahesh/install/ros2_service_server/share/ros2_service_server/environment/ament_prefix_path.dsv
[2.749s] -- Installing: /home/amitha/assignment-ros2-c-service-server-AmithaMahesh/install/ros2_service_server/share/ros2_service_server/environment/path.sh
[2.749s] -- Installing: /home/amitha/assignment-ros2-c-service-server-AmithaMahesh/install/ros2_service_server/share/ros2_service_server/environment/path.dsv
[2.749s] -- Installing: /home/amitha/assignment-ros2-c-service-server-AmithaMahesh/install/ros2_service_server/share/ros2_service_server/local_setup.bash
[2.749s] -- Installing: /home/amitha/assignment-ros2-c-service-server-AmithaMahesh/install/ros2_service_server/share/ros2_service_server/local_setup.sh
[2.749s] -- Installing: /home/amitha/assignment-ros2-c-service-server-AmithaMahesh/install/ros2_service_server/share/ros2_service_server/local_setup.zsh
[2.749s] -- Installing: /home/amitha/assignment-ros2-c-service-server-AmithaMahesh/install/ros2_service_server/share/ros2_service_server/local_setup.dsv
[2.749s] -- Installing: /home/amitha/assignment-ros2-c-service-server-AmithaMahesh/install/ros2_service_server/share/ros2_service_server/package.dsv
[2.750s] -- Installing: /home/amitha/assignment-ros2-c-service-server-AmithaMahesh/install/ros2_service_server/share/ament_index/resource_index/packages/ros2_service_server
[2.750s] -- Installing: /home/amitha/assignment-ros2-c-service-server-AmithaMahesh/install/ros2_service_server/share/ros2_service_server/cmake/ros2_service_serverConfig.cmake
[2.750s] -- Installing: /home/amitha/assignment-ros2-c-service-server-AmithaMahesh/install/ros2_service_server/share/ros2_service_server/cmake/ros2_service_serverConfig-version.cmake
[2.750s] -- Installing: /home/amitha/assignment-ros2-c-service-server-AmithaMahesh/install/ros2_service_server/share/ros2_service_server/package.xml
[2.752s] Invoked command in '/home/amitha/assignment-ros2-c-service-server-AmithaMahesh/build/ros2_service_server' returned '0': CMAKE_PREFIX_PATH=${CMAKE_PREFIX_PATH}:/opt/ros/jazzy /usr/bin/cmake --install /home/amitha/assignment-ros2-c-service-server-AmithaMahesh/build/ros2_service_server
